# JRE version: Java(TM) SE Runtime Environment (8.0_121-b13) (build 1.8.0_121-b13)
# Java VM: Java HotSpot(TM) 64-Bit Server VM (25.121-b13 mixed mode windows-amd64 compressed oops)
Heap:
 PSYoungGen      total 477184K, used 412721K [0x00000000e0000000, 0x0000000100000000, 0x0000000100000000)
  eden space 435712K, 88% used [0x00000000e0000000,0x00000000f76906a8,0x00000000fa980000)
  from space 41472K, 70% used [0x00000000fd300000,0x00000000fef7bdd0,0x00000000ffb80000)
  to   space 42496K, 0% used [0x00000000fa980000,0x00000000fa980000,0x00000000fd300000)
 ParOldGen       total 192000K, used 132529K [0x00000000a0000000, 0x00000000abb80000, 0x00000000e0000000)
  object space 192000K, 69% used [0x00000000a0000000,0x00000000a816c7b0,0x00000000abb80000)
 Metaspace       used 92501K, capacity 98375K, committed 99584K, reserved 1136640K
  class space    used 11681K, capacity 12666K, committed 13056K, reserved 1048576K
GC Heap History (10 events):
Event: 9534.394 GC heap before
{Heap before GC invocations=56 (full 4):
 PSYoungGen      total 419840K, used 402928K [0x00000000e0000000, 0x00000000fde00000, 0x0000000100000000)
  eden space 380416K, 99% used [0x00000000e0000000,0x00000000f73178e0,0x00000000f7380000)
  from space 39424K, 58% used [0x00000000f7380000,0x00000000f89e4818,0x00000000f9a00000)
  to   space 38912K, 0% used [0x00000000fb800000,0x00000000fb800000,0x00000000fde00000)
 ParOldGen       total 192000K, used 131499K [0x00000000a0000000, 0x00000000abb80000, 0x00000000e0000000)
  object space 192000K, 68% used [0x00000000a0000000,0x00000000a806ad58,0x00000000abb80000)
 Metaspace       used 92146K, capacity 97905K, committed 99328K, reserved 1136640K
  class space    used 11665K, capacity 12641K, committed 13056K, reserved 1048576K
Event: 9534.429 GC heap after
Heap after GC invocations=56 (full 4):
 PSYoungGen      total 440320K, used 23057K [0x00000000e0000000, 0x00000000fd900000, 0x0000000100000000)
  eden space 406528K, 0% used [0x00000000e0000000,0x00000000e0000000,0x00000000f8d00000)
  from space 33792K, 68% used [0x00000000fb800000,0x00000000fce84588,0x00000000fd900000)
  to   space 38912K, 0% used [0x00000000f8d00000,0x00000000f8d00000,0x00000000fb300000)
 ParOldGen       total 192000K, used 131507K [0x00000000a0000000, 0x00000000abb80000, 0x00000000e0000000)
  object space 192000K, 68% used [0x00000000a0000000,0x00000000a806cd58,0x00000000abb80000)
 Metaspace       used 92146K, capacity 97905K, committed 99328K, reserved 1136640K
  class space    used 11665K, capacity 12641K, committed 13056K, reserved 1048576K
}
Event: 10073.626 GC heap before
{Heap before GC invocations=57 (full 4):
 PSYoungGen      total 440320K, used 429585K [0x00000000e0000000, 0x00000000fd900000, 0x0000000100000000)
  eden space 406528K, 100% used [0x00000000e0000000,0x00000000f8d00000,0x00000000f8d00000)
  from space 33792K, 68% used [0x00000000fb800000,0x00000000fce84588,0x00000000fd900000)
  to   space 38912K, 0% used [0x00000000f8d00000,0x00000000f8d00000,0x00000000fb300000)
 ParOldGen       total 192000K, used 131507K [0x00000000a0000000, 0x00000000abb80000, 0x00000000e0000000)
  object space 192000K, 68% used [0x00000000a0000000,0x00000000a806cd58,0x00000000abb80000)
 Metaspace       used 92241K, capacity 98045K, committed 99328K, reserved 1136640K
  class space    used 11668K, capacity 12643K, committed 13056K, reserved 1048576K
Event: 10073.687 GC heap after
Heap after GC invocations=57 (full 4):
 PSYoungGen      total 445440K, used 38227K [0x00000000e0000000, 0x00000000ff900000, 0x0000000100000000)
  eden space 406528K, 0% used [0x00000000e0000000,0x00000000e0000000,0x00000000f8d00000)
  from space 38912K, 98% used [0x00000000f8d00000,0x00000000fb254c58,0x00000000fb300000)
  to   space 44032K, 0% used [0x00000000fce00000,0x00000000fce00000,0x00000000ff900000)
 ParOldGen       total 192000K, used 131515K [0x00000000a0000000, 0x00000000abb80000, 0x00000000e0000000)
  object space 192000K, 68% used [0x00000000a0000000,0x00000000a806ed58,0x00000000abb80000)
 Metaspace       used 92241K, capacity 98045K, committed 99328K, reserved 1136640K
  class space    used 11668K, capacity 12643K, committed 13056K, reserved 1048576K
}
Event: 10074.901 GC heap before
{Heap before GC invocations=58 (full 4):
 PSYoungGen      total 445440K, used 443885K [0x00000000e0000000, 0x00000000ff900000, 0x0000000100000000)
  eden space 406528K, 99% used [0x00000000e0000000,0x00000000f8c267d0,0x00000000f8d00000)
  from space 38912K, 98% used [0x00000000f8d00000,0x00000000fb254c58,0x00000000fb300000)
  to   space 44032K, 0% used [0x00000000fce00000,0x00000000fce00000,0x00000000ff900000)
 ParOldGen       total 192000K, used 131515K [0x00000000a0000000, 0x00000000abb80000, 0x00000000e0000000)
  object space 192000K, 68% used [0x00000000a0000000,0x00000000a806ed58,0x00000000abb80000)
 Metaspace       used 92259K, capacity 98045K, committed 99328K, reserved 1136640K
  class space    used 11668K, capacity 12643K, committed 13056K, reserved 1048576K
Event: 10074.939 GC heap after
Heap after GC invocations=58 (full 4):
 PSYoungGen      total 473600K, used 25892K [0x00000000e0000000, 0x0000000100000000, 0x0000000100000000)
  eden space 429568K, 0% used [0x00000000e0000000,0x00000000e0000000,0x00000000fa380000)
  from space 44032K, 58% used [0x00000000fce00000,0x00000000fe749160,0x00000000ff900000)
  to   space 43520K, 0% used [0x00000000fa380000,0x00000000fa380000,0x00000000fce00000)
 ParOldGen       total 192000K, used 131915K [0x00000000a0000000, 0x00000000abb80000, 0x00000000e0000000)
  object space 192000K, 68% used [0x00000000a0000000,0x00000000a80d2d78,0x00000000abb80000)
 Metaspace       used 92259K, capacity 98045K, committed 99328K, reserved 1136640K
  class space    used 11668K, capacity 12643K, committed 13056K, reserved 1048576K
}
Event: 10088.146 GC heap before
{Heap before GC invocations=59 (full 4):
 PSYoungGen      total 473600K, used 455286K [0x00000000e0000000, 0x0000000100000000, 0x0000000100000000)
  eden space 429568K, 99% used [0x00000000e0000000,0x00000000fa354778,0x00000000fa380000)
  from space 44032K, 58% used [0x00000000fce00000,0x00000000fe749160,0x00000000ff900000)
  to   space 43520K, 0% used [0x00000000fa380000,0x00000000fa380000,0x00000000fce00000)
 ParOldGen       total 192000K, used 131915K [0x00000000a0000000, 0x00000000abb80000, 0x00000000e0000000)
  object space 192000K, 68% used [0x00000000a0000000,0x00000000a80d2d78,0x00000000abb80000)
 Metaspace       used 92315K, capacity 98243K, committed 99584K, reserved 1136640K
  class space    used 11668K, capacity 12644K, committed 13056K, reserved 1048576K
Event: 10088.180 GC heap after
Heap after GC invocations=59 (full 4):
 PSYoungGen      total 473088K, used 21971K [0x00000000e0000000, 0x00000000ffb80000, 0x0000000100000000)
  eden space 429568K, 0% used [0x00000000e0000000,0x00000000e0000000,0x00000000fa380000)
  from space 43520K, 50% used [0x00000000fa380000,0x00000000fb8f4c90,0x00000000fce00000)
  to   space 41472K, 0% used [0x00000000fd300000,0x00000000fd300000,0x00000000ffb80000)
 ParOldGen       total 192000K, used 132435K [0x00000000a0000000, 0x00000000abb80000, 0x00000000e0000000)
  object space 192000K, 68% used [0x00000000a0000000,0x00000000a8154de0,0x00000000abb80000)
 Metaspace       used 92315K, capacity 98243K, committed 99584K, reserved 1136640K
  class space    used 11668K, capacity 12644K, committed 13056K, reserved 1048576K
}
Event: 10092.501 GC heap before
{Heap before GC invocations=60 (full 4):
 PSYoungGen      total 473088K, used 450610K [0x00000000e0000000, 0x00000000ffb80000, 0x0000000100000000)
  eden space 429568K, 99% used [0x00000000e0000000,0x00000000fa297c58,0x00000000fa380000)
  from space 43520K, 50% used [0x00000000fa380000,0x00000000fb8f4c90,0x00000000fce00000)
  to   space 41472K, 0% used [0x00000000fd300000,0x00000000fd300000,0x00000000ffb80000)
 ParOldGen       total 192000K, used 132435K [0x00000000a0000000, 0x00000000abb80000, 0x00000000e0000000)
  object space 192000K, 68% used [0x00000000a0000000,0x00000000a8154de0,0x00000000abb80000)
 Metaspace       used 92350K, capacity 98243K, committed 99584K, reserved 1136640K
  class space    used 11668K, capacity 12644K, committed 13056K, reserved 1048576K
Event: 10092.581 GC heap after
Heap after GC invocations=60 (full 4):
 PSYoungGen      total 477184K, used 29167K [0x00000000e0000000, 0x0000000100000000, 0x0000000100000000)
  eden space 435712K, 0% used [0x00000000e0000000,0x00000000e0000000,0x00000000fa980000)
  from space 41472K, 70% used [0x00000000fd300000,0x00000000fef7bdd0,0x00000000ffb80000)
  to   space 42496K, 0% used [0x00000000fa980000,0x00000000fa980000,0x00000000fd300000)
 ParOldGen       total 192000K, used 132529K [0x00000000a0000000, 0x00000000abb80000, 0x00000000e0000000)
  object space 192000K, 69% used [0x00000000a0000000,0x00000000a816c7b0,0x00000000abb80000)
 Metaspace       used 92350K, capacity 98243K, committed 99584K, reserved 1136640K
  class space    used 11668K, capacity 12644K, committed 13056K, reserved 1048576K
}

